# JRE version: OpenJDK Runtime Environment (8.0_352-b08) (build 1.8.0_352-352-b08)
# Java VM: OpenJDK Server VM (25.352-b08 mixed mode windows-x86 )
Heap:
 PSYoungGen      total 25344K, used 7779K [0x51a00000, 0x53680000, 0x71a00000)
  eden space 23040K, 24% used [0x51a00000,0x51f9a698,0x53080000)
  from space 2304K, 88% used [0x53440000,0x5363e790,0x53680000)
  to   space 3072K, 0% used [0x53080000,0x53080000,0x53380000)
 ParOldGen       total 41984K, used 15401K [0x11a00000, 0x14300000, 0x51a00000)
  object space 41984K, 36% used [0x11a00000,0x1290a5e8,0x14300000)
 Metaspace       used 28175K, capacity 29281K, committed 29312K, reserved 30080K
GC Heap History (10 events):
Event: 58.847 GC heap before
{Heap before GC invocations=34 (full 1):
 PSYoungGen      total 19200K, used 16876K [0x51a00000, 0x53040000, 0x71a00000)
  eden space 15872K, 100% used [0x51a00000,0x52980000,0x52980000)
  from space 3328K, 30% used [0x52cc0000,0x52dbb198,0x53000000)
  to   space 3328K, 0% used [0x52980000,0x52980000,0x52cc0000)
 ParOldGen       total 30720K, used 15148K [0x11a00000, 0x13800000, 0x51a00000)
  object space 30720K, 49% used [0x11a00000,0x128cb3e0,0x13800000)
 Metaspace       used 25802K, capacity 26815K, committed 26880K, reserved 27008K
Event: 58.853 GC heap after
Heap after GC invocations=34 (full 1):
 PSYoungGen      total 19200K, used 1040K [0x51a00000, 0x532c0000, 0x71a00000)
  eden space 15872K, 0% used [0x51a00000,0x51a00000,0x52980000)
  from space 3328K, 31% used [0x52980000,0x52a84078,0x52cc0000)
  to   space 3072K, 0% used [0x52fc0000,0x52fc0000,0x532c0000)
 ParOldGen       total 30720K, used 15782K [0x11a00000, 0x13800000, 0x51a00000)
  object space 30720K, 51% used [0x11a00000,0x12969be0,0x13800000)
 Metaspace       used 25802K, capacity 26815K, committed 26880K, reserved 27008K
}
Event: 59.157 GC heap before
{Heap before GC invocations=35 (full 1):
 PSYoungGen      total 19200K, used 16912K [0x51a00000, 0x532c0000, 0x71a00000)
  eden space 15872K, 100% used [0x51a00000,0x52980000,0x52980000)
  from space 3328K, 31% used [0x52980000,0x52a84078,0x52cc0000)
  to   space 3072K, 0% used [0x52fc0000,0x52fc0000,0x532c0000)
 ParOldGen       total 30720K, used 15782K [0x11a00000, 0x13800000, 0x51a00000)
  object space 30720K, 51% used [0x11a00000,0x12969be0,0x13800000)
 Metaspace       used 26224K, capacity 27264K, committed 27264K, reserved 28032K
Event: 59.159 GC heap after
Heap after GC invocations=35 (full 1):
 PSYoungGen      total 22272K, used 830K [0x51a00000, 0x532c0000, 0x71a00000)
  eden space 19200K, 0% used [0x51a00000,0x51a00000,0x52cc0000)
  from space 3072K, 27% used [0x52fc0000,0x5308f9f8,0x532c0000)
  to   space 3072K, 0% used [0x52cc0000,0x52cc0000,0x52fc0000)
 ParOldGen       total 30720K, used 16058K [0x11a00000, 0x13800000, 0x51a00000)
  object space 30720K, 52% used [0x11a00000,0x129aea88,0x13800000)
 Metaspace       used 26224K, capacity 27264K, committed 27264K, reserved 28032K
}
Event: 59.176 GC heap before
{Heap before GC invocations=36 (full 1):
 PSYoungGen      total 22272K, used 3889K [0x51a00000, 0x532c0000, 0x71a00000)
  eden space 19200K, 15% used [0x51a00000,0x51cfcd90,0x52cc0000)
  from space 3072K, 27% used [0x52fc0000,0x5308f9f8,0x532c0000)
  to   space 3072K, 0% used [0x52cc0000,0x52cc0000,0x52fc0000)
 ParOldGen       total 30720K, used 16058K [0x11a00000, 0x13800000, 0x51a00000)
  object space 30720K, 52% used [0x11a00000,0x129aea88,0x13800000)
 Metaspace       used 26275K, capacity 27301K, committed 27308K, reserved 28032K
Event: 59.177 GC heap after
Heap after GC invocations=36 (full 1):
 PSYoungGen      total 22272K, used 186K [0x51a00000, 0x53740000, 0x71a00000)
  eden space 19200K, 0% used [0x51a00000,0x51a00000,0x52cc0000)
  from space 3072K, 6% used [0x52cc0000,0x52ceead8,0x52fc0000)
  to   space 3072K, 0% used [0x53440000,0x53440000,0x53740000)
 ParOldGen       total 30720K, used 16207K [0x11a00000, 0x13800000, 0x51a00000)
  object space 30720K, 52% used [0x11a00000,0x129d3fd0,0x13800000)
 Metaspace       used 26275K, capacity 27301K, committed 27308K, reserved 28032K
}
Event: 59.177 GC heap before
{Heap before GC invocations=37 (full 2):
 PSYoungGen      total 22272K, used 186K [0x51a00000, 0x53740000, 0x71a00000)
  eden space 19200K, 0% used [0x51a00000,0x51a00000,0x52cc0000)
  from space 3072K, 6% used [0x52cc0000,0x52ceead8,0x52fc0000)
  to   space 3072K, 0% used [0x53440000,0x53440000,0x53740000)
 ParOldGen       total 30720K, used 16207K [0x11a00000, 0x13800000, 0x51a00000)
  object space 30720K, 52% used [0x11a00000,0x129d3fd0,0x13800000)
 Metaspace       used 26275K, capacity 27301K, committed 27308K, reserved 28032K
Event: 59.312 GC heap after
Heap after GC invocations=37 (full 2):
 PSYoungGen      total 22272K, used 0K [0x51a00000, 0x53740000, 0x71a00000)
  eden space 19200K, 0% used [0x51a00000,0x51a00000,0x52cc0000)
  from space 3072K, 0% used [0x52cc0000,0x52cc0000,0x52fc0000)
  to   space 3072K, 0% used [0x53440000,0x53440000,0x53740000)
 ParOldGen       total 41984K, used 15397K [0x11a00000, 0x14300000, 0x51a00000)
  object space 41984K, 36% used [0x11a00000,0x129095e8,0x14300000)
 Metaspace       used 26275K, capacity 27301K, committed 27308K, reserved 28032K
}
Event: 62.036 GC heap before
{Heap before GC invocations=38 (full 2):
 PSYoungGen      total 22272K, used 19200K [0x51a00000, 0x53740000, 0x71a00000)
  eden space 19200K, 100% used [0x51a00000,0x52cc0000,0x52cc0000)
  from space 3072K, 0% used [0x52cc0000,0x52cc0000,0x52fc0000)
  to   space 3072K, 0% used [0x53440000,0x53440000,0x53740000)
 ParOldGen       total 41984K, used 15397K [0x11a00000, 0x14300000, 0x51a00000)
  object space 41984K, 36% used [0x11a00000,0x129095e8,0x14300000)
 Metaspace       used 27665K, capacity 28735K, committed 28800K, reserved 29056K
Event: 62.043 GC heap after
Heap after GC invocations=38 (full 2):
 PSYoungGen      total 25344K, used 2041K [0x51a00000, 0x53680000, 0x71a00000)
  eden space 23040K, 0% used [0x51a00000,0x51a00000,0x53080000)
  from space 2304K, 88% used [0x53440000,0x5363e790,0x53680000)
  to   space 3072K, 0% used [0x53080000,0x53080000,0x53380000)
 ParOldGen       total 41984K, used 15401K [0x11a00000, 0x14300000, 0x51a00000)
  object space 41984K, 36% used [0x11a00000,0x1290a5e8,0x14300000)
 Metaspace       used 27665K, capacity 28735K, committed 28800K, reserved 29056K
}

