# JRE version: OpenJDK Runtime Environment (8.0_352-b08) (build 1.8.0_352-352-b08)
# Java VM: OpenJDK Server VM (25.352-b08 mixed mode windows-x86 )
Heap:
 PSYoungGen      total 35840K, used 611K [0x51a00000, 0x540c0000, 0x71a00000)
  eden space 32256K, 0% used [0x51a00000,0x51a00000,0x53980000)
  from space 3584K, 17% used [0x53d00000,0x53d98ea8,0x54080000)
  to   space 3584K, 0% used [0x53980000,0x53980000,0x53d00000)
 ParOldGen       total 38656K, used 17941K [0x11a00000, 0x13fc0000, 0x51a00000)
  object space 38656K, 46% used [0x11a00000,0x12b85700,0x13fc0000)
 Metaspace       used 28976K, capacity 30067K, committed 30080K, reserved 30080K
GC Heap History (10 events):
Event: 51.470 GC heap before
{Heap before GC invocations=31 (full 1):
 PSYoungGen      total 23552K, used 2292K [0x51a00000, 0x53900000, 0x71a00000)
  eden space 19456K, 5% used [0x51a00000,0x51b16a40,0x52d00000)
  from space 4096K, 28% used [0x52d00000,0x52e26740,0x53100000)
  to   space 4096K, 0% used [0x53500000,0x53500000,0x53900000)
 ParOldGen       total 25600K, used 14907K [0x11a00000, 0x13300000, 0x51a00000)
  object space 25600K, 58% used [0x11a00000,0x1288ed40,0x13300000)
 Metaspace       used 26258K, capacity 27308K, committed 27308K, reserved 28032K
Event: 51.476 GC heap after
Heap after GC invocations=31 (full 1):
 PSYoungGen      total 27648K, used 153K [0x51a00000, 0x53a00000, 0x71a00000)
  eden space 23552K, 0% used [0x51a00000,0x51a00000,0x53100000)
  from space 4096K, 3% used [0x53500000,0x53526690,0x53900000)
  to   space 4096K, 0% used [0x53100000,0x53100000,0x53500000)
 ParOldGen       total 25600K, used 15868K [0x11a00000, 0x13300000, 0x51a00000)
  object space 25600K, 61% used [0x11a00000,0x1297f0c8,0x13300000)
 Metaspace       used 26258K, capacity 27308K, committed 27308K, reserved 28032K
}
Event: 51.476 GC heap before
{Heap before GC invocations=32 (full 2):
 PSYoungGen      total 27648K, used 153K [0x51a00000, 0x53a00000, 0x71a00000)
  eden space 23552K, 0% used [0x51a00000,0x51a00000,0x53100000)
  from space 4096K, 3% used [0x53500000,0x53526690,0x53900000)
  to   space 4096K, 0% used [0x53100000,0x53100000,0x53500000)
 ParOldGen       total 25600K, used 15868K [0x11a00000, 0x13300000, 0x51a00000)
  object space 25600K, 61% used [0x11a00000,0x1297f0c8,0x13300000)
 Metaspace       used 26258K, capacity 27308K, committed 27308K, reserved 28032K
Event: 51.669 GC heap after
Heap after GC invocations=32 (full 2):
 PSYoungGen      total 27648K, used 0K [0x51a00000, 0x53a00000, 0x71a00000)
  eden space 23552K, 0% used [0x51a00000,0x51a00000,0x53100000)
  from space 4096K, 0% used [0x53500000,0x53500000,0x53900000)
  to   space 4096K, 0% used [0x53100000,0x53100000,0x53500000)
 ParOldGen       total 38656K, used 15158K [0x11a00000, 0x13fc0000, 0x51a00000)
  object space 38656K, 39% used [0x11a00000,0x128cd990,0x13fc0000)
 Metaspace       used 26246K, capacity 27294K, committed 27308K, reserved 28032K
}
Event: 54.646 GC heap before
{Heap before GC invocations=33 (full 2):
 PSYoungGen      total 27648K, used 23552K [0x51a00000, 0x53a00000, 0x71a00000)
  eden space 23552K, 100% used [0x51a00000,0x53100000,0x53100000)
  from space 4096K, 0% used [0x53500000,0x53500000,0x53900000)
  to   space 4096K, 0% used [0x53100000,0x53100000,0x53500000)
 ParOldGen       total 38656K, used 15158K [0x11a00000, 0x13fc0000, 0x51a00000)
  object space 38656K, 39% used [0x11a00000,0x128cd990,0x13fc0000)
 Metaspace       used 26997K, capacity 28062K, committed 28160K, reserved 29056K
Event: 54.650 GC heap after
Heap after GC invocations=33 (full 2):
 PSYoungGen      total 27648K, used 2025K [0x51a00000, 0x53d80000, 0x71a00000)
  eden space 23552K, 0% used [0x51a00000,0x51a00000,0x53100000)
  from space 4096K, 49% used [0x53100000,0x532fa410,0x53500000)
  to   space 4096K, 0% used [0x53980000,0x53980000,0x53d80000)
 ParOldGen       total 38656K, used 15162K [0x11a00000, 0x13fc0000, 0x51a00000)
  object space 38656K, 39% used [0x11a00000,0x128ce990,0x13fc0000)
 Metaspace       used 26997K, capacity 28062K, committed 28160K, reserved 29056K
}
Event: 55.529 GC heap before
{Heap before GC invocations=34 (full 2):
 PSYoungGen      total 27648K, used 25577K [0x51a00000, 0x53d80000, 0x71a00000)
  eden space 23552K, 100% used [0x51a00000,0x53100000,0x53100000)
  from space 4096K, 49% used [0x53100000,0x532fa410,0x53500000)
  to   space 4096K, 0% used [0x53980000,0x53980000,0x53d80000)
 ParOldGen       total 38656K, used 15162K [0x11a00000, 0x13fc0000, 0x51a00000)
  object space 38656K, 39% used [0x11a00000,0x128ce990,0x13fc0000)
 Metaspace       used 28374K, capacity 29409K, committed 29440K, reserved 30080K
Event: 55.536 GC heap after
Heap after GC invocations=34 (full 2):
 PSYoungGen      total 31232K, used 1589K [0x51a00000, 0x53cc0000, 0x71a00000)
  eden space 27904K, 0% used [0x51a00000,0x51a00000,0x53540000)
  from space 3328K, 47% used [0x53980000,0x53b0d7f8,0x53cc0000)
  to   space 3840K, 0% used [0x53540000,0x53540000,0x53900000)
 ParOldGen       total 38656K, used 16029K [0x11a00000, 0x13fc0000, 0x51a00000)
  object space 38656K, 41% used [0x11a00000,0x129a75a0,0x13fc0000)
 Metaspace       used 28374K, capacity 29409K, committed 29440K, reserved 30080K
}
Event: 56.185 GC heap before
{Heap before GC invocations=35 (full 2):
 PSYoungGen      total 31232K, used 29493K [0x51a00000, 0x53cc0000, 0x71a00000)
  eden space 27904K, 100% used [0x51a00000,0x53540000,0x53540000)
  from space 3328K, 47% used [0x53980000,0x53b0d7f8,0x53cc0000)
  to   space 3840K, 0% used [0x53540000,0x53540000,0x53900000)
 ParOldGen       total 38656K, used 16029K [0x11a00000, 0x13fc0000, 0x51a00000)
  object space 38656K, 41% used [0x11a00000,0x129a75a0,0x13fc0000)
 Metaspace       used 28647K, capacity 29764K, committed 29824K, reserved 30080K
Event: 56.192 GC heap after
Heap after GC invocations=35 (full 2):
 PSYoungGen      total 31744K, used 1830K [0x51a00000, 0x54080000, 0x71a00000)
  eden space 27904K, 0% used [0x51a00000,0x51a00000,0x53540000)
  from space 3840K, 47% used [0x53540000,0x53709a00,0x53900000)
  to   space 3584K, 0% used [0x53d00000,0x53d00000,0x54080000)
 ParOldGen       total 38656K, used 16429K [0x11a00000, 0x13fc0000, 0x51a00000)
  object space 38656K, 42% used [0x11a00000,0x12a0b5b0,0x13fc0000)
 Metaspace       used 28647K, capacity 29764K, committed 29824K, reserved 30080K
}

